 Iter  Train score  OOB Improve    Remaining                           Monitor Output 
    1       0.2266       0.2158       16.39m      C:      0.2265 B:      0.2265 S:  0
    2       0.3308       0.0949       16.12m      C:      0.3491 B:      0.3491 S:  0
    3       0.3871       0.0342       16.13m      C:      0.3865 B:      0.3865 S:  0
    4       0.3866       0.0024       16.15m      C:      0.3858 B:      0.3865 S:  1
    5       0.3898       0.0158       16.09m      C:      0.4053 B:      0.4053 S:  0
    6       0.4005       0.0051       16.04m      C:      0.4096 B:      0.4096 S:  0
    7       0.4030      -0.0015       16.05m      C:      0.4082 B:      0.4096 S:  1
    8       0.4107       0.0021       16.06m      C:      0.4130 B:      0.4130 S:  0
    9       0.4117       0.0009       16.03m      C:      0.4149 B:      0.4149 S:  0
   10       0.4075      -0.0000       16.03m      C:      0.4150 B:      0.4150 S:  0
   15       0.4208      -0.0002       16.04m      C:      0.4317 B:      0.4317 S:  0
   20       0.4236       0.0005       16.07m      C:      0.4307 B:      0.4327 S:  2
   25       0.4204       0.0003       16.03m      C:      0.4307 B:      0.4327 S:  7
   30       0.4274       0.0012       15.96m      C:      0.4310 B:      0.4327 S: 12
   35       0.4217      -0.0008       15.90m      C:      0.4301 B:      0.4333 S:  2
   40       0.4396       0.0005       15.95m      C:      0.4301 B:      0.4333 S:  7
   45       0.4178      -0.0003       15.95m      C:      0.4341 B:      0.4345 S:  1
   50       0.4184       0.0001       15.96m      C:      0.4341 B:      0.4353 S:  3
   60       0.4374       0.0003       15.97m      C:      0.4341 B:      0.4353 S: 13
   70       0.4241       0.0002       15.86m      C:      0.4339 B:      0.4353 S: 23
   80       0.4333       0.0002       15.82m      C:      0.4364 B:      0.4364 S:  0
   90       0.4370       0.0001       15.73m      C:      0.4369 B:      0.4381 S:  3
  100       0.4299       0.0005       15.64m      C:      0.4388 B:      0.4389 S:  1
  120       0.4306      -0.0002       15.41m      C:      0.4406 B:      0.4406 S:  0
  140       0.4254      -0.0009       15.15m      C:      0.4428 B:      0.4428 S:  0
  160       0.4296      -0.0001       14.86m      C:      0.4469 B:      0.4469 S:  3
  180       0.4285      -0.0001       14.55m      C:      0.4475 B:      0.4475 S:  0
  200       0.4333      -0.0002       14.18m      C:      0.4496 B:      0.4502 S:  6
  220       0.4311      -0.0005       13.80m      C:      0.4517 B:      0.4524 S:  6
  240       0.4657      -0.0003       13.45m      C:      0.4506 B:      0.4524 S: 26
  260       0.4466      -0.0001       13.10m      C:      0.4513 B:      0.4525 S: 14
  280       0.4555       0.0002       12.74m      C:      0.4527 B:      0.4536 S:  3
  300       0.4504       0.0000       12.38m      C:      0.4516 B:      0.4536 S: 23
  320       0.4380       0.0001       12.03m      C:      0.4531 B:      0.4536 S: 43
  340       0.4386       0.0001       11.67m      C:      0.4557 B:      0.4564 S:  1
  360       0.4450       0.0001       11.32m      C:      0.4549 B:      0.4566 S: 16
  380       0.4507      -0.0000       10.96m      C:      0.4579 B:      0.4583 S:  4
  400       0.4355      -0.0002       10.61m      C:      0.4601 B:      0.4602 S: 11
  420       0.4602      -0.0000       10.25m      C:      0.4612 B:      0.4612 S:  0
  440       0.4583      -0.0002        9.90m      C:      0.4576 B:      0.4612 S: 20
  460       0.4621       0.0000        9.55m      C:      0.4587 B:      0.4612 S: 40
  480       0.4440       0.0001        9.19m      C:      0.4575 B:      0.4612 S: 60
  500       0.4489      -0.0002        8.84m      C:      0.4576 B:      0.4612 S: 80
Early termination at iteration  519
Train NDCG@10: 0.4573176705027198
Test NDCG@10: 0.47490483354002794
