 Iter  Train score  OOB Improve    Remaining                           Monitor Output 
    1       0.2547       0.2344        1.53m      C:      0.2491 B:      0.2491 S:  0
    2       0.3571       0.0891        1.52m      C:      0.3593 B:      0.3593 S:  0
    3       0.3857       0.0281        1.51m      C:      0.3861 B:      0.3861 S:  0
    4       0.4110       0.0109        1.49m      C:      0.4008 B:      0.4008 S:  0
    5       0.3911       0.0035        1.48m      C:      0.3977 B:      0.4008 S:  1
    6       0.4221      -0.0003        1.47m      C:      0.3985 B:      0.4008 S:  2
    7       0.4131       0.0008        1.45m      C:      0.4043 B:      0.4043 S:  0
    8       0.3907       0.0043        1.43m      C:      0.4137 B:      0.4137 S:  0
    9       0.4100      -0.0000        1.42m      C:      0.4155 B:      0.4155 S:  0
   10       0.4223       0.0016        1.40m      C:      0.4185 B:      0.4185 S:  0
   15       0.4075       0.0018        1.33m      C:      0.4192 B:      0.4203 S:  4
   20       0.4458       0.0006        1.26m      C:      0.4290 B:      0.4290 S:  0
   25       0.4190       0.0005        1.18m      C:      0.4286 B:      0.4299 S:  1
   30       0.4251       0.0019        1.10m      C:      0.4335 B:      0.4335 S:  0
   35       0.4142       0.0004        1.03m      C:      0.4370 B:      0.4370 S:  0
   40       0.4215      -0.0002       56.93s      C:      0.4366 B:      0.4374 S:  1
   45       0.4277       0.0013       52.15s      C:      0.4402 B:      0.4402 S:  0
   50       0.4451       0.0004       47.43s      C:      0.4401 B:      0.4419 S:  1
   60       0.4442       0.0000       37.93s      C:      0.4466 B:      0.4474 S:  2
   70       0.4321      -0.0007       28.47s      C:      0.4466 B:      0.4480 S:  1
   80       0.4327      -0.0002       19.02s      C:      0.4486 B:      0.4486 S:  0
   90       0.4584      -0.0012        9.51s      C:      0.4489 B:      0.4489 S:  0
Early termination at iteration  99
Train NDCG@10: 0.44183615625672684
Test NDCG@10: 0.4610355897431788

