 Iter  Train score  OOB Improve    Remaining                           Monitor Output 
    1       0.2174       0.1984       17.81m      C:      0.2107 B:      0.2107 S:  0
    2       0.3363       0.1129       17.62m      C:      0.3325 B:      0.3325 S:  0
    3       0.3525       0.0265       17.76m      C:      0.3542 B:      0.3542 S:  0
    4       0.3750       0.0175       17.77m      C:      0.3739 B:      0.3739 S:  0
    5       0.3834       0.0123       17.71m      C:      0.3900 B:      0.3900 S:  0
    6       0.3926       0.0056       17.74m      C:      0.3996 B:      0.3996 S:  0
    7       0.3914       0.0028       17.75m      C:      0.4025 B:      0.4025 S:  0
    8       0.4060      -0.0001       17.75m      C:      0.4053 B:      0.4053 S:  0
    9       0.3999       0.0031       17.70m      C:      0.4044 B:      0.4053 S:  1
   10       0.4127       0.0009       17.65m      C:      0.4053 B:      0.4053 S:  2
   15       0.4027       0.0021       17.64m      C:      0.4132 B:      0.4132 S:  0
   20       0.4135       0.0000       17.66m      C:      0.4176 B:      0.4176 S:  0
   25       0.4167       0.0010       17.59m      C:      0.4255 B:      0.4255 S:  0
   30       0.4162       0.0006       17.51m      C:      0.4278 B:      0.4278 S:  0
   35       0.4295      -0.0007       17.42m      C:      0.4319 B:      0.4319 S:  0
   40       0.4457      -0.0003       17.36m      C:      0.4302 B:      0.4319 S:  5
   45       0.4280       0.0005       17.29m      C:      0.4327 B:      0.4327 S:  0
   50       0.4280      -0.0002       17.20m      C:      0.4294 B:      0.4327 S:  5
   60       0.4294       0.0003       17.02m      C:      0.4338 B:      0.4338 S:  0
   70       0.4343       0.0005       16.83m      C:      0.4367 B:      0.4367 S:  0
   80       0.4298      -0.0000       16.66m      C:      0.4372 B:      0.4377 S:  4
   90       0.4384      -0.0002       16.52m      C:      0.4384 B:      0.4384 S:  0
  100       0.4363       0.0006       16.34m      C:      0.4412 B:      0.4412 S:  0
  120       0.4305      -0.0004       15.88m      C:      0.4397 B:      0.4414 S: 18
  140       0.4646      -0.0000       15.47m      C:      0.4431 B:      0.4431 S:  0
  160       0.4314      -0.0001       15.07m      C:      0.4436 B:      0.4452 S:  5
  180       0.4384       0.0003       14.66m      C:      0.4448 B:      0.4456 S: 15
  200       0.4432      -0.0000       14.28m      C:      0.4446 B:      0.4456 S: 35
  220       0.4441       0.0008       13.90m      C:      0.4477 B:      0.4478 S:  2
  240       0.4531      -0.0003       13.53m      C:      0.4485 B:      0.4492 S:  4
  260       0.4544       0.0002       13.16m      C:      0.4503 B:      0.4504 S:  5
  280       0.4509       0.0000       12.79m      C:      0.4525 B:      0.4525 S:  0
  300       0.4475      -0.0004       12.43m      C:      0.4535 B:      0.4542 S:  7
  320       0.4457       0.0002       12.07m      C:      0.4551 B:      0.4552 S:  1
  340       0.4579       0.0001       11.71m      C:      0.4568 B:      0.4573 S: 12
  360       0.4515      -0.0000       11.35m      C:      0.4585 B:      0.4586 S:  2
  380       0.4390       0.0001       11.00m      C:      0.4580 B:      0.4594 S: 10
  400       0.4556      -0.0004       10.64m      C:      0.4592 B:      0.4603 S:  9
  420       0.4753       0.0004       10.29m      C:      0.4595 B:      0.4603 S: 29
  440       0.4699       0.0001        9.93m      C:      0.4598 B:      0.4603 S: 49
  460       0.4814      -0.0000        9.56m      C:      0.4594 B:      0.4603 S: 69
  480       0.4540      -0.0003        9.18m      C:      0.4578 B:      0.4603 S: 89
Early termination at iteration  490
Train NDCG@10: 0.4563769359005422
Test NDCG@10: 0.473801186310741
