 Iter  Train score  OOB Improve    Remaining                           Monitor Output 
    1       0.2700       0.2518       16.95m      C:      0.2657 B:      0.2657 S:  0
    2       0.3344       0.0567       16.94m      C:      0.3367 B:      0.3367 S:  0
    3       0.3768       0.0230       17.50m      C:      0.3682 B:      0.3682 S:  0
    4       0.3672       0.0098       17.90m      C:      0.3844 B:      0.3844 S:  0
    5       0.3737       0.0109       17.74m      C:      0.3972 B:      0.3972 S:  0
    6       0.3890       0.0037       17.78m      C:      0.3993 B:      0.3993 S:  0
    7       0.3712       0.0010       17.64m      C:      0.3985 B:      0.3993 S:  1
    8       0.3830      -0.0004       17.53m      C:      0.4009 B:      0.4009 S:  0
    9       0.3961       0.0003       17.49m      C:      0.4017 B:      0.4017 S:  0
   10       0.3939       0.0005       17.40m      C:      0.4015 B:      0.4017 S:  1
   15       0.4091       0.0001       17.25m      C:      0.4218 B:      0.4218 S:  0
   20       0.4172       0.0004       17.16m      C:      0.4249 B:      0.4249 S:  0
   25       0.4110       0.0004       16.99m      C:      0.4282 B:      0.4286 S:  2
   30       0.4196       0.0005       16.93m      C:      0.4308 B:      0.4313 S:  2
   35       0.4377      -0.0013       16.96m      C:      0.4330 B:      0.4352 S:  3
   40       0.4050       0.0004       16.92m      C:      0.4319 B:      0.4352 S:  8
   45       0.4359       0.0007       16.86m      C:      0.4321 B:      0.4352 S: 13
   50       0.4176       0.0006       16.79m      C:      0.4309 B:      0.4352 S: 18
   60       0.4259       0.0003       16.72m      C:      0.4327 B:      0.4352 S: 28
   70       0.4243      -0.0001       16.58m      C:      0.4335 B:      0.4352 S: 38
   80       0.4235       0.0001       16.43m      C:      0.4325 B:      0.4352 S: 48
   90       0.4235      -0.0000       16.27m      C:      0.4320 B:      0.4352 S: 58
  100       0.4119       0.0011       16.12m      C:      0.4328 B:      0.4352 S: 68
  120       0.4644      -0.0001       15.80m      C:      0.4307 B:      0.4352 S: 88
Early termination at iteration  131
Train NDCG@10: 0.42337438353947576
Test NDCG@10: 0.45182288482190963
